06/12/2016 14:19:53.703 Iniciando O 72C
06/12/2016 14:19:53.724 Subsistema Akka:InfluuntSystem
06/12/2016 14:19:53.724 Configuração Baseada em Classe:os72c.client.conf.TestDeviceConfig
06/12/2016 14:19:53.724 ID CONTROLADOR  :d9fbb4ab-dde9-47e3-8efd-3e7a46668688
06/12/2016 14:19:53.725 MQTT HOST       :localhost
06/12/2016 14:19:53.725 MQTT PORT       :1883
06/12/2016 14:19:53.725 CHAVE PUBLICA   :30819...10001
06/12/2016 14:19:53.725 CHAVE PRIVADA   :30820...6ee8f
06/12/2016 14:19:53.725 DEVICE BRIDGE   :os72c.client.virtual.ControladorForm
06/12/2016 14:28:35.104 Iniciando O 72C
06/12/2016 14:28:35.118 Subsistema Akka:InfluuntSystem
06/12/2016 14:28:35.118 Configuração Baseada em Classe:os72c.client.conf.TestDeviceConfig
06/12/2016 14:28:35.118 ID CONTROLADOR  :d9fbb4ab-dde9-47e3-8efd-3e7a46668688
06/12/2016 14:28:35.119 MQTT HOST       :localhost
06/12/2016 14:28:35.119 MQTT PORT       :1883
06/12/2016 14:28:35.119 CHAVE PUBLICA   :30819...10001
06/12/2016 14:28:35.119 CHAVE PRIVADA   :30820...6ee8f
06/12/2016 14:28:35.119 DEVICE BRIDGE   :os72c.client.virtual.ControladorForm
06/12/2016 14:33:08.519 Iniciando O 72C
06/12/2016 14:33:08.533 Subsistema Akka:InfluuntSystem
06/12/2016 14:33:08.533 Configuração Baseada em Classe:os72c.client.conf.TestDeviceConfig
06/12/2016 14:33:08.533 ID CONTROLADOR  :d9fbb4ab-dde9-47e3-8efd-3e7a46668688
06/12/2016 14:33:08.533 MQTT HOST       :localhost
06/12/2016 14:33:08.533 MQTT PORT       :1883
06/12/2016 14:33:08.533 CHAVE PUBLICA   :30819...10001
06/12/2016 14:33:08.534 CHAVE PRIVADA   :30820...6ee8f
06/12/2016 14:33:08.534 DEVICE BRIDGE   :os72c.client.virtual.ControladorForm
06/12/2016 14:35:14.079 Iniciando O 72C
06/12/2016 14:35:14.095 Subsistema Akka:InfluuntSystem
06/12/2016 14:35:14.095 Configuração Baseada em Classe:os72c.client.conf.TestDeviceConfig
06/12/2016 14:35:14.096 ID CONTROLADOR  :d9fbb4ab-dde9-47e3-8efd-3e7a46668688
06/12/2016 14:35:14.096 MQTT HOST       :localhost
06/12/2016 14:35:14.096 MQTT PORT       :1883
06/12/2016 14:35:14.096 CHAVE PUBLICA   :30819...10001
06/12/2016 14:35:14.096 CHAVE PRIVADA   :30820...6ee8f
06/12/2016 14:35:14.097 DEVICE BRIDGE   :os72c.client.virtual.ControladorForm
06/12/2016 14:38:07.622 Iniciando O 72C
06/12/2016 14:38:07.637 Subsistema Akka:InfluuntSystem
06/12/2016 14:38:07.637 Configuração Baseada em Classe:os72c.client.conf.TestDeviceConfig
06/12/2016 14:38:07.637 ID CONTROLADOR  :d9fbb4ab-dde9-47e3-8efd-3e7a46668688
06/12/2016 14:38:07.637 MQTT HOST       :localhost
06/12/2016 14:38:07.637 MQTT PORT       :1883
06/12/2016 14:38:07.637 CHAVE PUBLICA   :30819...10001
06/12/2016 14:38:07.637 CHAVE PRIVADA   :30820...6ee8f
06/12/2016 14:38:07.638 DEVICE BRIDGE   :os72c.client.virtual.ControladorForm
06/12/2016 14:40:25.200 Iniciando O 72C
06/12/2016 14:40:25.216 Subsistema Akka:InfluuntSystem
06/12/2016 14:40:25.216 Configuração Baseada em Classe:os72c.client.conf.TestDeviceConfig
06/12/2016 14:40:25.216 ID CONTROLADOR  :d9fbb4ab-dde9-47e3-8efd-3e7a46668688
06/12/2016 14:40:25.216 MQTT HOST       :localhost
06/12/2016 14:40:25.216 MQTT PORT       :1883
06/12/2016 14:40:25.217 CHAVE PUBLICA   :30819...10001
06/12/2016 14:40:25.217 CHAVE PRIVADA   :30820...6ee8f
06/12/2016 14:40:25.217 DEVICE BRIDGE   :os72c.client.virtual.ControladorForm
06/12/2016 14:42:18.921 Iniciando O 72C
06/12/2016 14:42:18.936 Subsistema Akka:InfluuntSystem
06/12/2016 14:42:18.936 Configuração Baseada em Classe:os72c.client.conf.TestDeviceConfig
06/12/2016 14:42:18.936 ID CONTROLADOR  :d9fbb4ab-dde9-47e3-8efd-3e7a46668688
06/12/2016 14:42:18.936 MQTT HOST       :localhost
06/12/2016 14:42:18.936 MQTT PORT       :1883
06/12/2016 14:42:18.936 CHAVE PUBLICA   :30819...10001
06/12/2016 14:42:18.937 CHAVE PRIVADA   :30820...6ee8f
06/12/2016 14:42:18.937 DEVICE BRIDGE   :os72c.client.virtual.ControladorForm
06/12/2016 14:45:27.066 Iniciando O 72C
06/12/2016 14:45:27.084 Subsistema Akka:InfluuntSystem
06/12/2016 14:45:27.084 Configuração Baseada em Classe:os72c.client.conf.TestDeviceConfig
06/12/2016 14:45:27.085 ID CONTROLADOR  :d9fbb4ab-dde9-47e3-8efd-3e7a46668688
06/12/2016 14:45:27.085 MQTT HOST       :localhost
06/12/2016 14:45:27.085 MQTT PORT       :1883
06/12/2016 14:45:27.085 CHAVE PUBLICA   :30819...10001
06/12/2016 14:45:27.085 CHAVE PRIVADA   :30820...6ee8f
06/12/2016 14:45:27.085 DEVICE BRIDGE   :os72c.client.virtual.ControladorForm
06/12/2016 14:47:15.712 Iniciando O 72C
06/12/2016 14:47:15.726 Subsistema Akka:InfluuntSystem
06/12/2016 14:47:15.727 Configuração Baseada em Classe:os72c.client.conf.TestDeviceConfig
06/12/2016 14:47:15.727 ID CONTROLADOR  :d9fbb4ab-dde9-47e3-8efd-3e7a46668688
06/12/2016 14:47:15.727 MQTT HOST       :localhost
06/12/2016 14:47:15.727 MQTT PORT       :1883
06/12/2016 14:47:15.727 CHAVE PUBLICA   :30819...10001
06/12/2016 14:47:15.727 CHAVE PRIVADA   :30820...6ee8f
06/12/2016 14:47:15.728 DEVICE BRIDGE   :os72c.client.virtual.ControladorForm
06/12/2016 14:48:54.411 Iniciando O 72C
06/12/2016 14:48:54.426 Subsistema Akka:InfluuntSystem
06/12/2016 14:48:54.427 Configuração Baseada em Classe:os72c.client.conf.TestDeviceConfig
06/12/2016 14:48:54.427 ID CONTROLADOR  :d9fbb4ab-dde9-47e3-8efd-3e7a46668688
06/12/2016 14:48:54.427 MQTT HOST       :localhost
06/12/2016 14:48:54.427 MQTT PORT       :1883
06/12/2016 14:48:54.432 CHAVE PUBLICA   :30819...10001
06/12/2016 14:48:54.432 CHAVE PRIVADA   :30820...6ee8f
06/12/2016 14:48:54.432 DEVICE BRIDGE   :os72c.client.virtual.ControladorForm
06/12/2016 14:52:06.013 Iniciando O 72C
06/12/2016 14:52:06.029 Subsistema Akka:InfluuntSystem
06/12/2016 14:52:06.029 Configuração Baseada em Classe:os72c.client.conf.TestDeviceConfig
06/12/2016 14:52:06.030 ID CONTROLADOR  :d9fbb4ab-dde9-47e3-8efd-3e7a46668688
06/12/2016 14:52:06.030 MQTT HOST       :localhost
06/12/2016 14:52:06.030 MQTT PORT       :1883
06/12/2016 14:52:06.030 CHAVE PUBLICA   :30819...10001
06/12/2016 14:52:06.031 CHAVE PRIVADA   :30820...6ee8f
06/12/2016 14:52:06.031 DEVICE BRIDGE   :os72c.client.virtual.ControladorForm
06/12/2016 14:55:47.913 Iniciando O 72C
06/12/2016 14:55:47.930 Subsistema Akka:InfluuntSystem
06/12/2016 14:55:47.930 Configuração Baseada em Classe:os72c.client.conf.TestDeviceConfig
06/12/2016 14:55:47.930 ID CONTROLADOR  :d9fbb4ab-dde9-47e3-8efd-3e7a46668688
06/12/2016 14:55:47.931 MQTT HOST       :localhost
06/12/2016 14:55:47.931 MQTT PORT       :1883
06/12/2016 14:55:47.931 CHAVE PUBLICA   :30819...10001
06/12/2016 14:55:47.931 CHAVE PRIVADA   :30820...6ee8f
06/12/2016 14:55:47.931 DEVICE BRIDGE   :os72c.client.virtual.ControladorForm
06/12/2016 15:12:21.341 Iniciando O 72C
06/12/2016 15:12:21.356 Subsistema Akka:InfluuntSystem
06/12/2016 15:12:21.356 Configuração Baseada em Classe:os72c.client.conf.TestDeviceConfig
06/12/2016 15:12:21.357 ID CONTROLADOR  :d9fbb4ab-dde9-47e3-8efd-3e7a46668688
06/12/2016 15:12:21.357 MQTT HOST       :localhost
06/12/2016 15:12:21.357 MQTT PORT       :1883
06/12/2016 15:12:21.358 CHAVE PUBLICA   :30819...10001
06/12/2016 15:12:21.358 CHAVE PRIVADA   :30820...6ee8f
06/12/2016 15:12:21.358 DEVICE BRIDGE   :os72c.client.virtual.ControladorForm
06/12/2016 15:14:09.274 Iniciando O 72C
06/12/2016 15:14:09.293 Subsistema Akka:InfluuntSystem
06/12/2016 15:14:09.293 Configuração Baseada em Classe:os72c.client.conf.TestDeviceConfig
06/12/2016 15:14:09.293 ID CONTROLADOR  :d9fbb4ab-dde9-47e3-8efd-3e7a46668688
06/12/2016 15:14:09.293 MQTT HOST       :localhost
06/12/2016 15:14:09.294 MQTT PORT       :1883
06/12/2016 15:14:09.294 CHAVE PUBLICA   :30819...10001
06/12/2016 15:14:09.294 CHAVE PRIVADA   :30820...6ee8f
06/12/2016 15:14:09.294 DEVICE BRIDGE   :os72c.client.virtual.ControladorForm
06/12/2016 15:15:08.513 Iniciando O 72C
06/12/2016 15:15:08.532 Subsistema Akka:InfluuntSystem
06/12/2016 15:15:08.532 Configuração Baseada em Classe:os72c.client.conf.TestDeviceConfig
06/12/2016 15:15:08.532 ID CONTROLADOR  :d9fbb4ab-dde9-47e3-8efd-3e7a46668688
06/12/2016 15:15:08.533 MQTT HOST       :localhost
06/12/2016 15:15:08.533 MQTT PORT       :1883
06/12/2016 15:15:08.533 CHAVE PUBLICA   :30819...10001
06/12/2016 15:15:08.533 CHAVE PRIVADA   :30820...6ee8f
06/12/2016 15:15:08.533 DEVICE BRIDGE   :os72c.client.virtual.ControladorForm
06/12/2016 15:15:47.018 Iniciando O 72C
06/12/2016 15:15:47.035 Subsistema Akka:InfluuntSystem
06/12/2016 15:15:47.035 Configuração Baseada em Classe:os72c.client.conf.TestDeviceConfig
06/12/2016 15:15:47.035 ID CONTROLADOR  :d9fbb4ab-dde9-47e3-8efd-3e7a46668688
06/12/2016 15:15:47.035 MQTT HOST       :localhost
06/12/2016 15:15:47.036 MQTT PORT       :1883
06/12/2016 15:15:47.036 CHAVE PUBLICA   :30819...10001
06/12/2016 15:15:47.036 CHAVE PRIVADA   :30820...6ee8f
06/12/2016 15:15:47.036 DEVICE BRIDGE   :os72c.client.virtual.ControladorForm
06/12/2016 15:20:27.670 Iniciando O 72C
06/12/2016 15:20:27.685 Subsistema Akka:InfluuntSystem
06/12/2016 15:20:27.686 Configuração Baseada em Classe:os72c.client.conf.TestDeviceConfig
06/12/2016 15:20:27.686 ID CONTROLADOR  :d9fbb4ab-dde9-47e3-8efd-3e7a46668688
06/12/2016 15:20:27.686 MQTT HOST       :localhost
06/12/2016 15:20:27.686 MQTT PORT       :1883
06/12/2016 15:20:27.686 CHAVE PUBLICA   :30819...10001
06/12/2016 15:20:27.686 CHAVE PRIVADA   :30820...6ee8f
06/12/2016 15:20:27.686 DEVICE BRIDGE   :os72c.client.virtual.ControladorForm
06/12/2016 15:26:29.659 FALHA_DETECTOR_VEICULAR_FALTA_ACIONAMENTO - Anel 1: Falha no DV1 - Falta de Acionamento
06/12/2016 15:30:18.165 Iniciando O 72C
06/12/2016 15:30:18.180 Subsistema Akka:InfluuntSystem
06/12/2016 15:30:18.180 Configuração Baseada em Classe:os72c.client.conf.TestDeviceConfig
06/12/2016 15:30:18.180 ID CONTROLADOR  :d9fbb4ab-dde9-47e3-8efd-3e7a46668688
06/12/2016 15:30:18.180 MQTT HOST       :localhost
06/12/2016 15:30:18.181 MQTT PORT       :1883
06/12/2016 15:30:18.181 CHAVE PUBLICA   :30819...10001
06/12/2016 15:30:18.181 CHAVE PRIVADA   :30820...6ee8f
06/12/2016 15:30:18.181 DEVICE BRIDGE   :os72c.client.virtual.ControladorForm
06/12/2016 15:36:25.235 Iniciando O 72C
06/12/2016 15:36:25.251 Subsistema Akka:InfluuntSystem
06/12/2016 15:36:25.251 Configuração Baseada em Classe:os72c.client.conf.TestDeviceConfig
06/12/2016 15:36:25.251 ID CONTROLADOR  :d9fbb4ab-dde9-47e3-8efd-3e7a46668688
06/12/2016 15:36:25.251 MQTT HOST       :localhost
06/12/2016 15:36:25.251 MQTT PORT       :1883
06/12/2016 15:36:25.252 CHAVE PUBLICA   :30819...10001
06/12/2016 15:36:25.252 CHAVE PRIVADA   :30820...6ee8f
06/12/2016 15:36:25.252 DEVICE BRIDGE   :os72c.client.virtual.ControladorForm
06/12/2016 15:44:43.187 Iniciando O 72C
06/12/2016 15:44:43.200 Subsistema Akka:InfluuntSystem
06/12/2016 15:44:43.201 Configuração Baseada em Classe:os72c.client.conf.TestDeviceConfig
06/12/2016 15:44:43.201 ID CONTROLADOR  :d9fbb4ab-dde9-47e3-8efd-3e7a46668688
06/12/2016 15:44:43.201 MQTT HOST       :localhost
06/12/2016 15:44:43.201 MQTT PORT       :1883
06/12/2016 15:44:43.201 CHAVE PUBLICA   :30819...10001
06/12/2016 15:44:43.202 CHAVE PRIVADA   :30820...6ee8f
06/12/2016 15:44:43.202 DEVICE BRIDGE   :os72c.client.virtual.ControladorForm
06/12/2016 15:49:48.576 Iniciando O 72C
06/12/2016 15:49:48.590 Subsistema Akka:InfluuntSystem
06/12/2016 15:49:48.591 Configuração Baseada em Classe:os72c.client.conf.TestDeviceConfig
06/12/2016 15:49:48.591 ID CONTROLADOR  :d9fbb4ab-dde9-47e3-8efd-3e7a46668688
06/12/2016 15:49:48.591 MQTT HOST       :localhost
06/12/2016 15:49:48.591 MQTT PORT       :1883
06/12/2016 15:49:48.591 CHAVE PUBLICA   :30819...10001
06/12/2016 15:49:48.591 CHAVE PRIVADA   :30820...6ee8f
06/12/2016 15:49:48.591 DEVICE BRIDGE   :os72c.client.virtual.ControladorForm
06/12/2016 15:56:30.203 Iniciando O 72C
06/12/2016 15:56:30.219 Subsistema Akka:InfluuntSystem
06/12/2016 15:56:30.220 Configuração Baseada em Classe:os72c.client.conf.TestDeviceConfig
06/12/2016 15:56:30.220 ID CONTROLADOR  :d9fbb4ab-dde9-47e3-8efd-3e7a46668688
06/12/2016 15:56:30.220 MQTT HOST       :localhost
06/12/2016 15:56:30.220 MQTT PORT       :1883
06/12/2016 15:56:30.220 CHAVE PUBLICA   :30819...10001
06/12/2016 15:56:30.221 CHAVE PRIVADA   :30820...6ee8f
06/12/2016 15:56:30.221 DEVICE BRIDGE   :os72c.client.virtual.ControladorForm
06/12/2016 16:02:32.262 FALHA_DETECTOR_VEICULAR_FALTA_ACIONAMENTO - Anel 1: Falha no DV1 - Falta de Acionamento
06/12/2016 16:03:32.991 Iniciando O 72C
06/12/2016 16:03:33.010 Subsistema Akka:InfluuntSystem
06/12/2016 16:03:33.010 Configuração Baseada em Classe:os72c.client.conf.TestDeviceConfig
06/12/2016 16:03:33.010 ID CONTROLADOR  :d9fbb4ab-dde9-47e3-8efd-3e7a46668688
06/12/2016 16:03:33.011 MQTT HOST       :localhost
06/12/2016 16:03:33.011 MQTT PORT       :1883
06/12/2016 16:03:33.011 CHAVE PUBLICA   :30819...10001
06/12/2016 16:03:33.011 CHAVE PRIVADA   :30820...6ee8f
06/12/2016 16:03:33.011 DEVICE BRIDGE   :os72c.client.virtual.ControladorForm
06/12/2016 16:04:47.587 Iniciando O 72C
06/12/2016 16:04:47.600 Subsistema Akka:InfluuntSystem
06/12/2016 16:04:47.600 Configuração Baseada em Classe:os72c.client.conf.TestDeviceConfig
06/12/2016 16:04:47.600 ID CONTROLADOR  :d9fbb4ab-dde9-47e3-8efd-3e7a46668688
06/12/2016 16:04:47.601 MQTT HOST       :localhost
06/12/2016 16:04:47.601 MQTT PORT       :1883
06/12/2016 16:04:47.601 CHAVE PUBLICA   :30819...10001
06/12/2016 16:04:47.601 CHAVE PRIVADA   :30820...6ee8f
06/12/2016 16:04:47.601 DEVICE BRIDGE   :os72c.client.virtual.ControladorForm
06/12/2016 16:08:12.761 Iniciando O 72C
06/12/2016 16:08:12.779 Subsistema Akka:InfluuntSystem
06/12/2016 16:08:12.780 Configuração Baseada em Classe:os72c.client.conf.TestDeviceConfig
06/12/2016 16:08:12.780 ID CONTROLADOR  :d9fbb4ab-dde9-47e3-8efd-3e7a46668688
06/12/2016 16:08:12.780 MQTT HOST       :localhost
06/12/2016 16:08:12.780 MQTT PORT       :1883
06/12/2016 16:08:12.780 CHAVE PUBLICA   :30819...10001
06/12/2016 16:08:12.781 CHAVE PRIVADA   :30820...6ee8f
06/12/2016 16:08:12.781 DEVICE BRIDGE   :os72c.client.virtual.ControladorForm
06/12/2016 16:26:05.732 Iniciando O 72C
06/12/2016 16:26:05.749 Subsistema Akka:InfluuntSystem
06/12/2016 16:26:05.749 Configuração Baseada em Classe:os72c.client.conf.TestDeviceConfig
06/12/2016 16:26:05.749 ID CONTROLADOR  :d9fbb4ab-dde9-47e3-8efd-3e7a46668688
06/12/2016 16:26:05.750 MQTT HOST       :localhost
06/12/2016 16:26:05.750 MQTT PORT       :1883
06/12/2016 16:26:05.750 CHAVE PUBLICA   :30819...10001
06/12/2016 16:26:05.750 CHAVE PRIVADA   :30820...6ee8f
06/12/2016 16:26:05.750 DEVICE BRIDGE   :os72c.client.virtual.ControladorForm
06/12/2016 16:29:41.912 Iniciando O 72C
06/12/2016 16:29:41.927 Subsistema Akka:InfluuntSystem
06/12/2016 16:29:41.927 Configuração Baseada em Classe:os72c.client.conf.TestDeviceConfig
06/12/2016 16:29:41.927 ID CONTROLADOR  :d9fbb4ab-dde9-47e3-8efd-3e7a46668688
06/12/2016 16:29:41.927 MQTT HOST       :localhost
06/12/2016 16:29:41.927 MQTT PORT       :1883
06/12/2016 16:29:41.928 CHAVE PUBLICA   :30819...10001
06/12/2016 16:29:41.928 CHAVE PRIVADA   :30820...6ee8f
06/12/2016 16:29:41.928 DEVICE BRIDGE   :os72c.client.virtual.ControladorForm
06/12/2016 16:35:44.146 FALHA_DETECTOR_VEICULAR_FALTA_ACIONAMENTO - Anel 1: Falha no DV1 - Falta de Acionamento
06/12/2016 16:46:40.260 Iniciando O 72C
06/12/2016 16:46:40.276 Subsistema Akka:InfluuntSystem
06/12/2016 16:46:40.276 Configuração Baseada em Classe:os72c.client.conf.TestDeviceConfig
06/12/2016 16:46:40.276 ID CONTROLADOR  :d9fbb4ab-dde9-47e3-8efd-3e7a46668688
06/12/2016 16:46:40.276 MQTT HOST       :localhost
06/12/2016 16:46:40.276 MQTT PORT       :1883
06/12/2016 16:46:40.277 CHAVE PUBLICA   :30819...10001
06/12/2016 16:46:40.277 CHAVE PRIVADA   :30820...6ee8f
06/12/2016 16:46:40.277 DEVICE BRIDGE   :os72c.client.virtual.ControladorForm
06/12/2016 16:52:42.552 FALHA_DETECTOR_VEICULAR_FALTA_ACIONAMENTO - Anel 1: Falha no DV1 - Falta de Acionamento
06/12/2016 16:55:32.187 Iniciando O 72C
06/12/2016 16:55:32.211 Subsistema Akka:InfluuntSystem
06/12/2016 16:55:32.212 Configuração Baseada em Classe:os72c.client.conf.TestDeviceConfig
06/12/2016 16:55:32.212 ID CONTROLADOR  :d9fbb4ab-dde9-47e3-8efd-3e7a46668688
06/12/2016 16:55:32.213 MQTT HOST       :localhost
06/12/2016 16:55:32.213 MQTT PORT       :1883
06/12/2016 16:55:32.213 CHAVE PUBLICA   :30819...10001
06/12/2016 16:55:32.213 CHAVE PRIVADA   :30820...6ee8f
06/12/2016 16:55:32.214 DEVICE BRIDGE   :os72c.client.virtual.ControladorForm
06/12/2016 17:01:34.181 FALHA_DETECTOR_VEICULAR_FALTA_ACIONAMENTO - Anel 1: Falha no DV1 - Falta de Acionamento
06/12/2016 17:25:33.314 FALHA_DETECTOR_VEICULAR_FALTA_ACIONAMENTO - Anel 1: Falha no DV2 - Falta de Acionamento
06/12/2016 19:15:10.572 Iniciando O 72C
06/12/2016 19:15:10.589 Subsistema Akka:InfluuntSystem
06/12/2016 19:15:10.590 Configuração Baseada em Classe:os72c.client.conf.TestDeviceConfig
06/12/2016 19:15:10.590 ID CONTROLADOR  :d9fbb4ab-dde9-47e3-8efd-3e7a46668688
06/12/2016 19:15:10.590 MQTT HOST       :localhost
06/12/2016 19:15:10.590 MQTT PORT       :1883
06/12/2016 19:15:10.590 CHAVE PUBLICA   :30819...10001
06/12/2016 19:15:10.590 CHAVE PRIVADA   :30820...6ee8f
06/12/2016 19:15:10.591 DEVICE BRIDGE   :os72c.client.virtual.ControladorForm
06/12/2016 19:21:12.537 FALHA_DETECTOR_VEICULAR_FALTA_ACIONAMENTO - Anel 1: Falha no DV1 - Falta de Acionamento
06/12/2016 19:35:12.467 FALHA_DETECTOR_VEICULAR_FALTA_ACIONAMENTO - Anel 1: Falha no DV2 - Falta de Acionamento
06/12/2016 19:41:32.218 Iniciando O 72C
06/12/2016 19:41:32.234 Subsistema Akka:InfluuntSystem
06/12/2016 19:41:32.234 Configuração Baseada em Classe:os72c.client.conf.TestDeviceConfig
06/12/2016 19:41:32.234 ID CONTROLADOR  :d9fbb4ab-dde9-47e3-8efd-3e7a46668688
06/12/2016 19:41:32.234 MQTT HOST       :localhost
06/12/2016 19:41:32.235 MQTT PORT       :1883
06/12/2016 19:41:32.235 CHAVE PUBLICA   :30819...10001
06/12/2016 19:41:32.235 CHAVE PRIVADA   :30820...6ee8f
06/12/2016 19:41:32.235 DEVICE BRIDGE   :os72c.client.virtual.ControladorForm
06/12/2016 19:47:34.316 FALHA_DETECTOR_VEICULAR_FALTA_ACIONAMENTO - Anel 1: Falha no DV1 - Falta de Acionamento
06/12/2016 19:50:01.384 Iniciando O 72C
06/12/2016 19:50:01.401 Subsistema Akka:InfluuntSystem
06/12/2016 19:50:01.402 Configuração Baseada em Classe:os72c.client.conf.TestDeviceConfig
06/12/2016 19:50:01.402 ID CONTROLADOR  :d9fbb4ab-dde9-47e3-8efd-3e7a46668688
06/12/2016 19:50:01.402 MQTT HOST       :localhost
06/12/2016 19:50:01.402 MQTT PORT       :1883
06/12/2016 19:50:01.402 CHAVE PUBLICA   :30819...10001
06/12/2016 19:50:01.403 CHAVE PRIVADA   :30820...6ee8f
06/12/2016 19:50:01.403 DEVICE BRIDGE   :os72c.client.virtual.ControladorForm
06/12/2016 19:56:03.675 FALHA_DETECTOR_VEICULAR_FALTA_ACIONAMENTO - Anel 1: Falha no DV1 - Falta de Acionamento
06/12/2016 20:03:28.965 Iniciando O 72C
06/12/2016 20:03:28.980 Subsistema Akka:InfluuntSystem
06/12/2016 20:03:28.980 Configuração Baseada em Classe:os72c.client.conf.TestDeviceConfig
06/12/2016 20:03:28.980 ID CONTROLADOR  :d9fbb4ab-dde9-47e3-8efd-3e7a46668688
06/12/2016 20:03:28.980 MQTT HOST       :localhost
06/12/2016 20:03:28.980 MQTT PORT       :1883
06/12/2016 20:03:28.980 CHAVE PUBLICA   :30819...10001
06/12/2016 20:03:28.980 CHAVE PRIVADA   :30820...6ee8f
06/12/2016 20:03:28.981 DEVICE BRIDGE   :os72c.client.virtual.ControladorForm
