05/12/2016 15:34:33.098 Iniciando O 72C
05/12/2016 15:34:33.113 Subsistema Akka:InfluuntSystem
05/12/2016 15:34:33.113 Configuração Baseada em Classe:os72c.client.conf.TestDeviceConfig
05/12/2016 15:34:33.113 ID CONTROLADOR  :d9fbb4ab-dde9-47e3-8efd-3e7a46668688
05/12/2016 15:34:33.113 MQTT HOST       :localhost
05/12/2016 15:34:33.113 MQTT PORT       :1883
05/12/2016 15:34:33.114 CHAVE PUBLICA   :30819...10001
05/12/2016 15:34:33.114 CHAVE PRIVADA   :30820...6ee8f
05/12/2016 15:34:33.114 DEVICE BRIDGE   :os72c.client.virtual.ControladorForm
05/12/2016 15:38:26.497 Iniciando O 72C
05/12/2016 15:38:26.512 Subsistema Akka:InfluuntSystem
05/12/2016 15:38:26.513 Configuração Baseada em Classe:os72c.client.conf.TestDeviceConfig
05/12/2016 15:38:26.513 ID CONTROLADOR  :d9fbb4ab-dde9-47e3-8efd-3e7a46668688
05/12/2016 15:38:26.513 MQTT HOST       :localhost
05/12/2016 15:38:26.513 MQTT PORT       :1883
05/12/2016 15:38:26.513 CHAVE PUBLICA   :30819...10001
05/12/2016 15:38:26.513 CHAVE PRIVADA   :30820...6ee8f
05/12/2016 15:38:26.514 DEVICE BRIDGE   :os72c.client.virtual.ControladorForm
05/12/2016 15:52:45.010 Iniciando O 72C
05/12/2016 15:52:45.030 Subsistema Akka:InfluuntSystem
05/12/2016 15:52:45.030 Configuração Baseada em Classe:os72c.client.conf.TestDeviceConfig
05/12/2016 15:52:45.030 ID CONTROLADOR  :d9fbb4ab-dde9-47e3-8efd-3e7a46668688
05/12/2016 15:52:45.030 MQTT HOST       :localhost
05/12/2016 15:52:45.030 MQTT PORT       :1883
05/12/2016 15:52:45.031 CHAVE PUBLICA   :30819...10001
05/12/2016 15:52:45.031 CHAVE PRIVADA   :30820...6ee8f
05/12/2016 15:52:45.031 DEVICE BRIDGE   :os72c.client.virtual.ControladorForm
05/12/2016 15:58:46.691 FALHA_DETECTOR_VEICULAR_FALTA_ACIONAMENTO - Anel 1: Falha no DV1 - Falta de Acionamento
05/12/2016 16:12:46.636 FALHA_DETECTOR_VEICULAR_FALTA_ACIONAMENTO - Anel 1: Falha no DV2 - Falta de Acionamento
